e:\paddleocr\deploy\cpp_infer\build\x64\release\vc141.pdb
e:\paddleocr\deploy\cpp_infer\build\x64\release\paddle_engine.obj
e:\paddleocr\deploy\cpp_infer\build\x64\release\utility.obj
e:\paddleocr\deploy\cpp_infer\build\x64\release\preprocess_op.obj
e:\paddleocr\deploy\cpp_infer\build\x64\release\postprocess_op.obj
e:\paddleocr\deploy\cpp_infer\build\x64\release\paddleocr.obj
e:\paddleocr\deploy\cpp_infer\build\x64\release\ocr_rec.obj
e:\paddleocr\deploy\cpp_infer\build\x64\release\ocr_det.obj
e:\paddleocr\deploy\cpp_infer\build\x64\release\ocr_cls.obj
e:\paddleocr\deploy\cpp_infer\build\x64\release\clipper.obj
e:\paddleocr\deploy\cpp_infer\build\x64\release\args.obj
e:\paddleocr\deploy\cpp_infer\build\x64\release\structure_table.obj
e:\paddleocr\deploy\cpp_infer\build\x64\release\structure_layout.obj
e:\paddleocr\deploy\cpp_infer\build\x64\release\paddlestructure.obj
e:\paddleocr\deploy\cpp_infer\build\cmakefiles\generate.stamp
e:\paddleocr\deploy\cpp_infer\build\release\paddle-engine.dll
e:\paddleocr\deploy\cpp_infer\build\release\paddle-engine.lib
e:\paddleocr\deploy\cpp_infer\build\release\paddle-engine.exp
e:\paddleocr\deploy\cpp_infer\build\.\release\paddle-engine.dll
e:\paddleocr\deploy\cpp_infer\build\x64\release\paddle-engine.tlog\cl.command.1.tlog
e:\paddleocr\deploy\cpp_infer\build\x64\release\paddle-engine.tlog\cl.read.1.tlog
e:\paddleocr\deploy\cpp_infer\build\x64\release\paddle-engine.tlog\cl.write.1.tlog
e:\paddleocr\deploy\cpp_infer\build\x64\release\paddle-engine.tlog\custombuild.command.1.tlog
e:\paddleocr\deploy\cpp_infer\build\x64\release\paddle-engine.tlog\custombuild.read.1.tlog
e:\paddleocr\deploy\cpp_infer\build\x64\release\paddle-engine.tlog\custombuild.write.1.tlog
e:\paddleocr\deploy\cpp_infer\build\x64\release\paddle-engine.tlog\link.command.1.tlog
e:\paddleocr\deploy\cpp_infer\build\x64\release\paddle-engine.tlog\link.read.1.tlog
e:\paddleocr\deploy\cpp_infer\build\x64\release\paddle-engine.tlog\link.write.1.tlog
e:\paddleocr\deploy\cpp_infer\build\x64\release\paddle-engine.tlog\paddle-engine.write.1u.tlog
